<?xml version="1.0" encoding="UTF-8"?>
<!-- Generated by org.testng.reporters.JUnitXMLReporter -->
<testsuite ignored="0" hostname="LP-HYD-85009887" failures="0" tests="1" name="ChromeBrowser" time="1.117" errors="0" timestamp="2026-06-19T20:56:50 IST">
  <testcase classname="com.SpiceJet.ImplicitWait.SpiceJetBookingTest" name="@BeforeTest setup" time="-1.781882808902E9">
    <failure type="org.testng.TestNGException" message="
Parameter &amp;apos;browser&amp;apos; is required by BeforeTest on method setup but has not been marked @Optional or defined
in D:\Selenium Java Program\SpiceJet-ImplicitWait\testng.xml">
      <![CDATA[org.testng.TestNGException: 
Parameter 'browser' is required by BeforeTest on method setup but has not been marked @Optional or defined
in D:\Selenium Java Program\SpiceJet-ImplicitWait\testng.xml
at java.base/java.util.concurrent.FutureTask.run(FutureTask.java:317)
at java.base/java.util.concurrent.ThreadPoolExecutor.runWorker(ThreadPoolExecutor.java:1144)
at java.base/java.util.concurrent.ThreadPoolExecutor$Worker.run(ThreadPoolExecutor.java:642)
at java.base/java.lang.Thread.run(Thread.java:1583)
... Removed 11 stack frames]]>
    </failure>
  </testcase> <!-- @BeforeTest setup -->
  <testcase classname="com.SpiceJet.ImplicitWait.SpiceJetBookingTest" name="@BeforeTest setup" time="-1.781882808905E9">
    <failure type="org.testng.TestNGException" message="
Parameter &amp;apos;browser&amp;apos; is required by BeforeTest on method setup but has not been marked @Optional or defined
in D:\Selenium Java Program\SpiceJet-ImplicitWait\testng.xml">
      <![CDATA[org.testng.TestNGException: 
Parameter 'browser' is required by BeforeTest on method setup but has not been marked @Optional or defined
in D:\Selenium Java Program\SpiceJet-ImplicitWait\testng.xml
at java.base/java.util.concurrent.FutureTask.run(FutureTask.java:317)
at java.base/java.util.concurrent.ThreadPoolExecutor.runWorker(ThreadPoolExecutor.java:1144)
at java.base/java.util.concurrent.ThreadPoolExecutor$Worker.run(ThreadPoolExecutor.java:642)
at java.base/java.lang.Thread.run(Thread.java:1583)
... Removed 11 stack frames]]>
    </failure>
  </testcase> <!-- @BeforeTest setup -->
  <testcase classname="com.SpiceJet.ImplicitWait.SpiceJetBookingTest" name="@AfterTest tearDown" time="0.0">
    <skipped/>
  </testcase> <!-- @AfterTest tearDown -->
  <testcase classname="com.SpiceJet.ImplicitWait.SpiceJetBookingTest" name="@AfterTest tearDown" time="0.0">
    <skipped/>
  </testcase> <!-- @AfterTest tearDown -->
  <testcase classname="com.SpiceJet.ImplicitWait.SpiceJetBookingTest" name="flightBookingTest" time="0.001">
    <skipped/>
  </testcase> <!-- flightBookingTest -->
</testsuite> <!-- ChromeBrowser -->
