<?xml version="1.0" encoding="UTF-8"?>
<testng-results ignored="0" total="1" passed="1" failed="0" skipped="0">
  <reporter-output>
  </reporter-output>
  <suite started-at="2026-06-11T23:15:40 IST" name="Default suite" finished-at="2026-06-11T23:15:49 IST" duration-ms="8707">
    <groups>
    </groups>
    <test started-at="2026-06-11T23:15:40 IST" name="Default test" finished-at="2026-06-11T23:15:49 IST" duration-ms="8707">
      <class name="com.EasyCalculation.TestCases.ExecuteLoginPage">
        <test-method signature="validateUserExecution()[pri:0, instance:com.EasyCalculation.TestCases.ExecuteLoginPage@7776ab]" started-at="2026-06-11T23:15:40 IST" name="validateUserExecution" finished-at="2026-06-11T23:15:48 IST" duration-ms="8403" status="PASS">
          <reporter-output>
          </reporter-output>
        </test-method> <!-- validateUserExecution -->
      </class> <!-- com.EasyCalculation.TestCases.ExecuteLoginPage -->
    </test> <!-- Default test -->
  </suite> <!-- Default suite -->
</testng-results>
