<?xml version="1.0" encoding="UTF-8"?>
<testng-results ignored="0" total="1" passed="1" failed="0" skipped="0">
  <reporter-output>
  </reporter-output>
  <suite started-at="2026-06-10T22:58:59 IST" name="Default suite" finished-at="2026-06-10T22:59:34 IST" duration-ms="35316">
    <groups>
    </groups>
    <test started-at="2026-06-10T22:58:59 IST" name="Default test" finished-at="2026-06-10T22:59:34 IST" duration-ms="35316">
      <class name="com.Actions.ActionCommand2">
        <test-method is-config="true" signature="SetUp()[pri:0, instance:com.Actions.ActionCommand2@6f204a1a]" started-at="2026-06-10T22:58:59 IST" name="SetUp" finished-at="2026-06-10T22:59:11 IST" duration-ms="12496" status="PASS">
          <reporter-output>
          </reporter-output>
        </test-method> <!-- SetUp -->
        <test-method signature="mouseOver()[pri:0, instance:com.Actions.ActionCommand2@6f204a1a]" started-at="2026-06-10T22:59:11 IST" name="mouseOver" finished-at="2026-06-10T22:59:33 IST" duration-ms="21655" status="PASS">
          <reporter-output>
          </reporter-output>
        </test-method> <!-- mouseOver -->
        <test-method is-config="true" signature="tearDown()[pri:0, instance:com.Actions.ActionCommand2@6f204a1a]" started-at="2026-06-10T22:59:33 IST" name="tearDown" finished-at="2026-06-10T22:59:34 IST" duration-ms="1045" status="PASS">
          <reporter-output>
          </reporter-output>
        </test-method> <!-- tearDown -->
      </class> <!-- com.Actions.ActionCommand2 -->
    </test> <!-- Default test -->
  </suite> <!-- Default suite -->
</testng-results>
