<?xml version="1.0" encoding="UTF-8"?>
<testng-results ignored="0" total="3" passed="3" failed="0" skipped="0">
  <reporter-output>
  </reporter-output>
  <suite started-at="2026-06-13T10:37:42 IST" name="Default suite" finished-at="2026-06-13T10:38:21 IST" duration-ms="39038">
    <groups>
    </groups>
    <test started-at="2026-06-13T10:37:42 IST" name="Default test" finished-at="2026-06-13T10:38:21 IST" duration-ms="39038">
      <class name="com.DataProviderTestNg.DataProviderTestNgTest">
        <test-method signature="Browser(java.lang.String,java.lang.String)[pri:0, instance:com.DataProviderTestNg.DataProviderTestNgTest@1a6c1270]" started-at="2026-06-13T10:37:42 IST" name="Browser" data-provider="EasyCalculation" finished-at="2026-06-13T10:37:56 IST" duration-ms="13771" status="PASS">
          <params>
            <param index="0">
              <value>
                <![CDATA[6378547586]]>
              </value>
            </param>
            <param index="1">
              <value>
                <![CDATA[saurav]]>
              </value>
            </param>
          </params>
          <reporter-output>
          </reporter-output>
        </test-method> <!-- Browser -->
        <test-method is-config="true" signature="tearDown()[pri:0, instance:com.DataProviderTestNg.DataProviderTestNgTest@1a6c1270]" started-at="2026-06-13T10:37:56 IST" name="tearDown" finished-at="2026-06-13T10:37:57 IST" duration-ms="670" status="PASS">
          <reporter-output>
          </reporter-output>
        </test-method> <!-- tearDown -->
        <test-method signature="Browser(java.lang.String,java.lang.String)[pri:0, instance:com.DataProviderTestNg.DataProviderTestNgTest@1a6c1270]" started-at="2026-06-13T10:37:57 IST" name="Browser" data-provider="EasyCalculation" finished-at="2026-06-13T10:38:09 IST" duration-ms="12437" status="PASS">
          <params>
            <param index="0">
              <value>
                <![CDATA[8378547586]]>
              </value>
            </param>
            <param index="1">
              <value>
                <![CDATA[saurav@532]]>
              </value>
            </param>
          </params>
          <reporter-output>
          </reporter-output>
        </test-method> <!-- Browser -->
        <test-method is-config="true" signature="tearDown()[pri:0, instance:com.DataProviderTestNg.DataProviderTestNgTest@1a6c1270]" started-at="2026-06-13T10:38:09 IST" name="tearDown" finished-at="2026-06-13T10:38:10 IST" duration-ms="399" status="PASS">
          <reporter-output>
          </reporter-output>
        </test-method> <!-- tearDown -->
        <test-method signature="Browser(java.lang.String,java.lang.String)[pri:0, instance:com.DataProviderTestNg.DataProviderTestNgTest@1a6c1270]" started-at="2026-06-13T10:38:10 IST" name="Browser" data-provider="EasyCalculation" finished-at="2026-06-13T10:38:21 IST" duration-ms="11136" status="PASS">
          <params>
            <param index="0">
              <value>
                <![CDATA[9378547586]]>
              </value>
            </param>
            <param index="1">
              <value>
                <![CDATA[rohan@321]]>
              </value>
            </param>
          </params>
          <reporter-output>
          </reporter-output>
        </test-method> <!-- Browser -->
        <test-method is-config="true" signature="tearDown()[pri:0, instance:com.DataProviderTestNg.DataProviderTestNgTest@1a6c1270]" started-at="2026-06-13T10:38:21 IST" name="tearDown" finished-at="2026-06-13T10:38:21 IST" duration-ms="390" status="PASS">
          <reporter-output>
          </reporter-output>
        </test-method> <!-- tearDown -->
      </class> <!-- com.DataProviderTestNg.DataProviderTestNgTest -->
    </test> <!-- Default test -->
  </suite> <!-- Default suite -->
</testng-results>
