<?xml version="1.0" encoding="UTF-8"?>
<!-- Generated by org.testng.reporters.JUnitXMLReporter -->
<testsuite ignored="0" hostname="LP-HYD-85009887" failures="0" tests="3" name="Default test" time="39.038" errors="0" timestamp="2026-06-13T10:38:21 IST">
  <testcase classname="com.DataProviderTestNg.DataProviderTestNgTest" name="Browser" time="13.771"/>
  <testcase classname="com.DataProviderTestNg.DataProviderTestNgTest" name="Browser" time="12.437"/>
  <testcase classname="com.DataProviderTestNg.DataProviderTestNgTest" name="Browser" time="11.136"/>
</testsuite> <!-- Default test -->
