<?xml version="1.0" encoding="UTF-8"?>
<!-- Generated by org.testng.reporters.JUnitXMLReporter -->
<testsuite ignored="0" hostname="LP-HYD-85009887" failures="0" tests="1" name="EdgeBrowser" time="35.208" errors="0" timestamp="2026-06-14T00:24:59 IST">
  <testcase classname="com.CaseStudy.CaseStudy8" name="@BeforeTest setUp" time="-1.781376864722E9">
    <failure type="org.testng.TestNGException" message="
Parameter &amp;apos;browserName&amp;apos; is required by BeforeTest on method setUp but has not been marked @Optional or defined
in D:\Selenium Java Program\EasyCalTestNG\testng.xml">
      <![CDATA[org.testng.TestNGException: 
Parameter 'browserName' is required by BeforeTest on method setUp but has not been marked @Optional or defined
in D:\Selenium Java Program\EasyCalTestNG\testng.xml
at java.base/java.util.concurrent.FutureTask.run(FutureTask.java:317)
at java.base/java.util.concurrent.ThreadPoolExecutor.runWorker(ThreadPoolExecutor.java:1144)
at java.base/java.util.concurrent.ThreadPoolExecutor$Worker.run(ThreadPoolExecutor.java:642)
at java.base/java.lang.Thread.run(Thread.java:1583)
... Removed 11 stack frames]]>
    </failure>
  </testcase> <!-- @BeforeTest setUp -->
  <testcase classname="com.CaseStudy.CaseStudy8" name="@AfterTest tearDown" time="0.0">
    <skipped/>
  </testcase> <!-- @AfterTest tearDown -->
  <testcase classname="com.CaseStudy.CaseStudy8" name="BrowserTest" time="15.519"/>
</testsuite> <!-- EdgeBrowser -->
