<?xml version="1.0" encoding="UTF-8"?>
<testng-results ignored="0" total="1" passed="1" failed="0" skipped="0">
  <reporter-output>
  </reporter-output>
  <suite started-at="2026-06-11T20:26:56 IST" name="Default suite" finished-at="2026-06-11T20:27:07 IST" duration-ms="10501">
    <groups>
    </groups>
    <test started-at="2026-06-11T20:26:56 IST" name="Default test" finished-at="2026-06-11T20:27:07 IST" duration-ms="10501">
      <class name="com.PracticeAutomation.TestCases.ExecuteLoginPage">
        <test-method signature="validateUserExecution()[pri:0, instance:com.PracticeAutomation.TestCases.ExecuteLoginPage@7776ab]" started-at="2026-06-11T20:26:57 IST" name="validateUserExecution" finished-at="2026-06-11T20:27:07 IST" duration-ms="10316" status="PASS">
          <reporter-output>
          </reporter-output>
        </test-method> <!-- validateUserExecution -->
      </class> <!-- com.PracticeAutomation.TestCases.ExecuteLoginPage -->
    </test> <!-- Default test -->
  </suite> <!-- Default suite -->
</testng-results>
