<?xml version="1.0" encoding="UTF-8"?>
<testng-results ignored="0" total="1" passed="1" failed="0" skipped="0">
  <reporter-output>
  </reporter-output>
  <suite started-at="2026-06-12T00:44:58 IST" name="Default suite" finished-at="2026-06-12T00:45:13 IST" duration-ms="15236">
    <groups>
    </groups>
    <test started-at="2026-06-12T00:44:58 IST" name="Default test" finished-at="2026-06-12T00:45:13 IST" duration-ms="15236">
      <class name="com.Brighest.TestCases.ExecuteBrightestLoginPage">
        <test-method signature="validateUserExecution()[pri:0, instance:com.Brighest.TestCases.ExecuteBrightestLoginPage@79179359]" started-at="2026-06-12T00:44:58 IST" name="validateUserExecution" finished-at="2026-06-12T00:45:13 IST" duration-ms="14669" status="PASS">
          <reporter-output>
          </reporter-output>
        </test-method> <!-- validateUserExecution -->
      </class> <!-- com.Brighest.TestCases.ExecuteBrightestLoginPage -->
    </test> <!-- Default test -->
  </suite> <!-- Default suite -->
</testng-results>
