<?xml version="1.0" encoding="UTF-8"?>
<testng-results ignored="0" total="2" passed="1" failed="0" skipped="1">
  <reporter-output>
  </reporter-output>
  <suite started-at="2026-06-14T18:02:42 IST" name="Suite" finished-at="2026-06-14T18:02:59 IST" duration-ms="17243">
    <groups>
    </groups>
    <test started-at="2026-06-14T18:02:42 IST" name="Test" finished-at="2026-06-14T18:02:42 IST" duration-ms="362">
      <class name="com.CaseStudy.CaseStudy8">
        <test-method is-config="true" signature="setUp(java.lang.String)[pri:0, instance:com.CaseStudy.CaseStudy8@4b2c5e02]" started-at="2026-06-14T18:02:42 IST" name="setUp" finished-at="1970-01-01T05:30:00 IST" duration-ms="-1781440362406" status="FAIL">
          <exception class="org.testng.TestNGException">
            <message>
              <![CDATA[
Parameter 'browserName' is required by BeforeTest on method setUp but has not been marked @Optional or defined
in D:\Selenium Java Program\EasyCalTestNG\testng.xml]]>
            </message>
            <full-stacktrace>
              <![CDATA[org.testng.TestNGException: 
Parameter 'browserName' is required by BeforeTest on method setUp but has not been marked @Optional or defined
in D:\Selenium Java Program\EasyCalTestNG\testng.xml
at org.testng.internal.Parameters.createParams(Parameters.java:264)
at org.testng.internal.Parameters.createParametersForMethod(Parameters.java:352)
at org.testng.internal.Parameters.createParameters(Parameters.java:690)
at org.testng.internal.Parameters.createConfigurationParameters(Parameters.java:163)
at org.testng.internal.invokers.ConfigInvoker.invokeConfigurations(ConfigInvoker.java:313)
at org.testng.TestRunner.invokeTestConfigurations(TestRunner.java:657)
at org.testng.TestRunner.beforeRun(TestRunner.java:646)
at org.testng.TestRunner.run(TestRunner.java:612)
at org.testng.SuiteRunner.runTest(SuiteRunner.java:421)
at org.testng.SuiteRunner$SuiteWorker.run(SuiteRunner.java:463)
at org.testng.internal.thread.ThreadUtil.lambda$execute$0(ThreadUtil.java:64)
at java.base/java.util.concurrent.FutureTask.run(FutureTask.java:317)
at java.base/java.util.concurrent.ThreadPoolExecutor.runWorker(ThreadPoolExecutor.java:1144)
at java.base/java.util.concurrent.ThreadPoolExecutor$Worker.run(ThreadPoolExecutor.java:642)
at java.base/java.lang.Thread.run(Thread.java:1583)
]]>
            </full-stacktrace>
          </exception> <!-- org.testng.TestNGException -->
          <reporter-output>
          </reporter-output>
        </test-method> <!-- setUp -->
        <test-method signature="BrowserTest()[pri:0, instance:com.CaseStudy.CaseStudy8@4b2c5e02]" started-at="2026-06-14T18:02:42 IST" name="BrowserTest" finished-at="2026-06-14T18:02:42 IST" duration-ms="0" status="SKIP">
          <exception class="org.testng.TestNGException">
            <message>
              <![CDATA[
Parameter 'browserName' is required by BeforeTest on method setUp but has not been marked @Optional or defined
in D:\Selenium Java Program\EasyCalTestNG\testng.xml]]>
            </message>
            <full-stacktrace>
              <![CDATA[org.testng.TestNGException: 
Parameter 'browserName' is required by BeforeTest on method setUp but has not been marked @Optional or defined
in D:\Selenium Java Program\EasyCalTestNG\testng.xml
at org.testng.internal.Parameters.createParams(Parameters.java:264)
at org.testng.internal.Parameters.createParametersForMethod(Parameters.java:352)
at org.testng.internal.Parameters.createParameters(Parameters.java:690)
at org.testng.internal.Parameters.createConfigurationParameters(Parameters.java:163)
at org.testng.internal.invokers.ConfigInvoker.invokeConfigurations(ConfigInvoker.java:313)
at org.testng.TestRunner.invokeTestConfigurations(TestRunner.java:657)
at org.testng.TestRunner.beforeRun(TestRunner.java:646)
at org.testng.TestRunner.run(TestRunner.java:612)
at org.testng.SuiteRunner.runTest(SuiteRunner.java:421)
at org.testng.SuiteRunner$SuiteWorker.run(SuiteRunner.java:463)
at org.testng.internal.thread.ThreadUtil.lambda$execute$0(ThreadUtil.java:64)
at java.base/java.util.concurrent.FutureTask.run(FutureTask.java:317)
at java.base/java.util.concurrent.ThreadPoolExecutor.runWorker(ThreadPoolExecutor.java:1144)
at java.base/java.util.concurrent.ThreadPoolExecutor$Worker.run(ThreadPoolExecutor.java:642)
at java.base/java.lang.Thread.run(Thread.java:1583)
]]>
            </full-stacktrace>
          </exception> <!-- org.testng.TestNGException -->
          <reporter-output>
          </reporter-output>
        </test-method> <!-- BrowserTest -->
        <test-method is-config="true" signature="tearDown()[pri:0, instance:com.CaseStudy.CaseStudy8@4b2c5e02]" started-at="2026-06-14T18:02:42 IST" name="tearDown" finished-at="2026-06-14T18:02:42 IST" duration-ms="0" status="SKIP">
          <reporter-output>
          </reporter-output>
        </test-method> <!-- tearDown -->
      </class> <!-- com.CaseStudy.CaseStudy8 -->
    </test> <!-- Test -->
    <test started-at="2026-06-14T18:02:42 IST" name="ChromeBrowser" finished-at="2026-06-14T18:02:59 IST" duration-ms="17243">
      <class name="com.CaseStudy.CaseStudy8">
        <test-method is-config="true" signature="setUp(java.lang.String)[pri:0, instance:com.CaseStudy.CaseStudy8@4e0ae11f]" started-at="2026-06-14T18:02:42 IST" name="setUp" finished-at="2026-06-14T18:02:46 IST" duration-ms="4446" status="PASS">
          <params>
            <param index="0">
              <value>
                <![CDATA[chrome]]>
              </value>
            </param>
          </params>
          <reporter-output>
          </reporter-output>
        </test-method> <!-- setUp -->
        <test-method signature="BrowserTest()[pri:0, instance:com.CaseStudy.CaseStudy8@4e0ae11f]" started-at="2026-06-14T18:02:46 IST" name="BrowserTest" finished-at="2026-06-14T18:02:58 IST" duration-ms="11920" status="PASS">
          <reporter-output>
          </reporter-output>
        </test-method> <!-- BrowserTest -->
        <test-method is-config="true" signature="tearDown()[pri:0, instance:com.CaseStudy.CaseStudy8@4e0ae11f]" started-at="2026-06-14T18:02:58 IST" name="tearDown" finished-at="2026-06-14T18:02:59 IST" duration-ms="842" status="PASS">
          <reporter-output>
          </reporter-output>
        </test-method> <!-- tearDown -->
      </class> <!-- com.CaseStudy.CaseStudy8 -->
    </test> <!-- ChromeBrowser -->
  </suite> <!-- Suite -->
</testng-results>
