<?xml version="1.0" encoding="UTF-8"?>
<testng-results ignored="0" total="1" passed="1" failed="0" skipped="0">
  <reporter-output>
  </reporter-output>
  <suite started-at="2026-06-09T20:32:26 IST" name="Default suite" finished-at="2026-06-09T20:32:44 IST" duration-ms="17895">
    <groups>
    </groups>
    <test started-at="2026-06-09T20:32:26 IST" name="Default test" finished-at="2026-06-09T20:32:44 IST" duration-ms="17895">
      <class name="com.NavigationDemo.NavigationMethods">
        <test-method signature="navigateForward()[pri:0, instance:com.NavigationDemo.NavigationMethods@28701274]" started-at="2026-06-09T20:32:26 IST" name="navigateForward" finished-at="2026-06-09T20:32:44 IST" duration-ms="17842" status="PASS">
          <reporter-output>
          </reporter-output>
        </test-method> <!-- navigateForward -->
      </class> <!-- com.NavigationDemo.NavigationMethods -->
    </test> <!-- Default test -->
  </suite> <!-- Default suite -->
</testng-results>
