<?xml version="1.0" encoding="UTF-8"?>
<!-- Generated by org.testng.reporters.JUnitReportReporter -->
<testsuite hostname="LP-HYD-85009887" failures="0" tests="5" name="com.Actions.TestScrollUpandDown" time="131.731" errors="0" timestamp="2026-06-10T20:01:18 IST" skipped="0">
  <testcase classname="com.Actions.TestScrollUpandDown" name="TestScrollAndDown1" time="24.568"/>
  <testcase classname="com.Actions.TestScrollUpandDown" name="TestScrollAndDown2" time="29.960"/>
  <testcase classname="com.Actions.TestScrollUpandDown" name="TestScrollAndDown3" time="25.402"/>
  <testcase classname="com.Actions.TestScrollUpandDown" name="TestScrollAndDown4" time="27.191"/>
  <testcase classname="com.Actions.TestScrollUpandDown" name="TestScrollAndDown5" time="24.610"/>
</testsuite> <!-- com.Actions.TestScrollUpandDown -->
