<?xml version="1.0" encoding="UTF-8"?>
<testng-results ignored="0" total="1" passed="1" failed="0" skipped="0">
  <reporter-output>
  </reporter-output>
  <suite started-at="2026-06-10T20:56:03 IST" name="Default suite" finished-at="2026-06-10T20:56:16 IST" duration-ms="12476">
    <groups>
    </groups>
    <test started-at="2026-06-10T20:56:03 IST" name="Default test" finished-at="2026-06-10T20:56:16 IST" duration-ms="12476">
      <class name="com.DropDown.DropDownTest">
        <test-method is-config="true" signature="setUp()[pri:0, instance:com.DropDown.DropDownTest@6f204a1a]" started-at="2026-06-10T20:56:03 IST" name="setUp" finished-at="2026-06-10T20:56:13 IST" duration-ms="10420" status="PASS">
          <reporter-output>
          </reporter-output>
        </test-method> <!-- setUp -->
        <test-method signature="dropDownList()[pri:0, instance:com.DropDown.DropDownTest@6f204a1a]" started-at="2026-06-10T20:56:14 IST" name="dropDownList" finished-at="2026-06-10T20:56:15 IST" duration-ms="1179" status="PASS">
          <reporter-output>
          </reporter-output>
        </test-method> <!-- dropDownList -->
        <test-method is-config="true" signature="tearDown()[pri:0, instance:com.DropDown.DropDownTest@6f204a1a]" started-at="2026-06-10T20:56:15 IST" name="tearDown" finished-at="2026-06-10T20:56:16 IST" duration-ms="753" status="PASS">
          <reporter-output>
          </reporter-output>
        </test-method> <!-- tearDown -->
      </class> <!-- com.DropDown.DropDownTest -->
    </test> <!-- Default test -->
  </suite> <!-- Default suite -->
</testng-results>
