<?xml version="1.0" encoding="UTF-8"?>
<testng-results ignored="0" total="1" passed="1" failed="0" skipped="0">
  <reporter-output>
  </reporter-output>
  <suite started-at="2026-06-13T19:32:40 IST" name="Default suite" finished-at="2026-06-13T19:32:49 IST" duration-ms="8780">
    <groups>
    </groups>
    <test started-at="2026-06-13T19:32:40 IST" name="Default test" finished-at="2026-06-13T19:32:49 IST" duration-ms="8780">
      <class name="com.ScreenShots.ScreenShotsTest">
        <test-method is-config="true" signature="SetUp()[pri:0, instance:com.ScreenShots.ScreenShotsTest@a1217f9]" started-at="2026-06-13T19:32:40 IST" name="SetUp" finished-at="2026-06-13T19:32:48 IST" duration-ms="7299" status="PASS">
          <reporter-output>
          </reporter-output>
        </test-method> <!-- SetUp -->
        <test-method signature="ScreenShot()[pri:0, instance:com.ScreenShots.ScreenShotsTest@a1217f9]" started-at="2026-06-13T19:32:48 IST" name="ScreenShot" finished-at="2026-06-13T19:32:49 IST" duration-ms="1373" status="PASS">
          <reporter-output>
          </reporter-output>
        </test-method> <!-- ScreenShot -->
      </class> <!-- com.ScreenShots.ScreenShotsTest -->
    </test> <!-- Default test -->
  </suite> <!-- Default suite -->
</testng-results>
