<?xml version="1.0" encoding="UTF-8"?>
<testng-results ignored="0" total="1" passed="1" failed="0" skipped="0">
  <reporter-output>
  </reporter-output>
  <suite started-at="2026-06-12T00:11:27 IST" name="Default suite" finished-at="2026-06-12T00:11:41 IST" duration-ms="13549">
    <groups>
    </groups>
    <test started-at="2026-06-12T00:11:27 IST" name="Default test" finished-at="2026-06-12T00:11:41 IST" duration-ms="13549">
      <class name="com.Chase.TestCases.ExecuteLoginChasePage">
        <test-method signature="validateUserExecution()[pri:0, instance:com.Chase.TestCases.ExecuteLoginChasePage@2f67a4d3]" started-at="2026-06-12T00:11:27 IST" name="validateUserExecution" finished-at="2026-06-12T00:11:40 IST" duration-ms="13294" status="PASS">
          <reporter-output>
          </reporter-output>
        </test-method> <!-- validateUserExecution -->
      </class> <!-- com.Chase.TestCases.ExecuteLoginChasePage -->
    </test> <!-- Default test -->
  </suite> <!-- Default suite -->
</testng-results>
