<?xml version="1.0" encoding="UTF-8"?>
<!-- Generated by org.testng.reporters.JUnitReportReporter -->
<testsuite hostname="LP-HYD-85009887" failures="0" tests="3" name="com.DataProviderTestNg.DataProviderTestNgTest" time="38.803" errors="0" timestamp="2026-06-13T10:38:21 IST" skipped="0">
  <testcase classname="com.DataProviderTestNg.DataProviderTestNgTest" name="Browser" time="14.170"/>
  <testcase classname="com.DataProviderTestNg.DataProviderTestNgTest" name="Browser" time="11.526"/>
  <testcase classname="com.DataProviderTestNg.DataProviderTestNgTest" name="Browser" time="13.107"/>
</testsuite> <!-- com.DataProviderTestNg.DataProviderTestNgTest -->
