<?xml version="1.0" encoding="UTF-8"?>
<testng-results ignored="0" total="1" passed="1" failed="0" skipped="0">
  <reporter-output>
  </reporter-output>
  <suite started-at="2026-06-08T13:50:45 IST" name="Default suite" finished-at="2026-06-08T13:51:00 IST" duration-ms="15462">
    <groups>
    </groups>
    <test started-at="2026-06-08T13:50:45 IST" name="Default test" finished-at="2026-06-08T13:51:00 IST" duration-ms="15462">
      <class name="com.TestNGDemoTest.LaunchDifferentBrowsers">
        <test-method signature="ChromeBrowserTest()[pri:0, instance:com.TestNGDemoTest.LaunchDifferentBrowsers@13c9d689]" started-at="2026-06-08T13:50:45 IST" name="ChromeBrowserTest" finished-at="2026-06-08T13:51:00 IST" duration-ms="15182" status="PASS">
          <reporter-output>
          </reporter-output>
        </test-method> <!-- ChromeBrowserTest -->
      </class> <!-- com.TestNGDemoTest.LaunchDifferentBrowsers -->
    </test> <!-- Default test -->
  </suite> <!-- Default suite -->
</testng-results>
