<?xml version="1.0" encoding="UTF-8"?>
<testng-results ignored="0" total="1" passed="1" failed="0" skipped="0">
  <reporter-output>
  </reporter-output>
  <suite started-at="2026-06-17T12:45:50 IST" name="Default suite" finished-at="2026-06-17T12:46:01 IST" duration-ms="10898">
    <groups>
    </groups>
    <test started-at="2026-06-17T12:45:50 IST" name="Default test" finished-at="2026-06-17T12:46:01 IST" duration-ms="10898">
      <class name="com.LocatorsTestDemo.IDTestDemoExamples">
        <test-method signature="IDLocator()[pri:0, instance:com.LocatorsTestDemo.IDTestDemoExamples@28701274]" started-at="2026-06-17T12:45:50 IST" name="IDLocator" finished-at="2026-06-17T12:46:01 IST" duration-ms="10827" status="PASS">
          <reporter-output>
          </reporter-output>
        </test-method> <!-- IDLocator -->
      </class> <!-- com.LocatorsTestDemo.IDTestDemoExamples -->
    </test> <!-- Default test -->
  </suite> <!-- Default suite -->
</testng-results>
